<?xml version="1.0" encoding="UTF-8"?>
<!-- Generated by org.testng.reporters.JUnitReportReporter -->
<testsuite hostname="SAI-PC123" failures="0" tests="1" name="ui.LoginTest" time="0.009" errors="0" timestamp="2023-08-09T17:13:36 IST" skipped="0">
  <testcase classname="ui.LoginTest" name="loginTest" time="0.009"/>
  <system-out/>
</testsuite> <!-- ui.LoginTest -->
