<?xml version="1.0" encoding="UTF-8"?>
<!-- Generated by org.testng.reporters.JUnitReportReporter -->
<testsuite hostname="SAI-PC123" failures="0" tests="2" name="ui.LoginTestEx1" time="0.011" errors="0" timestamp="2023-06-08T13:30:30 IST" skipped="0">
  <testcase classname="ui.LoginTestEx1" name="btest1" time="0.005"/>
  <system-out/>
  <testcase classname="ui.LoginTestEx1" name="atest2" time="0.006"/>
  <system-out/>
</testsuite> <!-- ui.LoginTestEx1 -->
